\BOOKMARK [1][-]{section.1}{\376\377\000I\000n\000t\000r\000o\000d\000u\000c\000t\000i\000o\000n}{}% 1
\BOOKMARK [2][-]{subsection.1.1}{\376\377\000B\000a\000c\000k\000g\000r\000o\000u\000n\000d}{section.1}% 2
\BOOKMARK [2][-]{subsection.1.2}{\376\377\000L\000i\000t\000e\000r\000a\000t\000u\000r\000e\000\040\000R\000e\000v\000i\000e\000w}{section.1}% 3
\BOOKMARK [2][-]{subsection.1.3}{\376\377\000R\000e\000s\000t\000a\000t\000e\000m\000e\000n\000t\000\040\000o\000f\000\040\000t\000h\000e\000\040\000P\000r\000o\000b\000l\000e\000m}{section.1}% 4
\BOOKMARK [1][-]{section.2}{\376\377\000A\000s\000s\000u\000m\000p\000t\000i\000o\000n\000s\000\040\000a\000n\000d\000\040\000J\000u\000s\000t\000i\000f\000i\000c\000a\000t\000i\000o\000n}{}% 5
\BOOKMARK [1][-]{section.3}{\376\377\000N\000o\000t\000a\000t\000i\000o\000n\000s}{}% 6
\BOOKMARK [1][-]{section.4}{\376\377\000M\000o\000d\000e\000l\000\040\000O\000v\000e\000r\000v\000i\000e\000w}{}% 7
\BOOKMARK [1][-]{section.5}{\376\377\000S\000u\000b\000-\000m\000o\000d\000e\000l\000\040\000I\000\040\000:\000\040\000A\000d\000d\000i\000n\000g\000\040\000W\000a\000t\000e\000r\000\040\000C\000o\000n\000t\000i\000n\000u\000o\000u\000s\000l\000y}{}% 8
\BOOKMARK [2][-]{subsection.5.1}{\376\377\000M\000o\000d\000e\000l\000\040\000E\000s\000t\000a\000b\000l\000i\000s\000h\000m\000e\000n\000t}{section.5}% 9
\BOOKMARK [3][-]{subsubsection.5.1.1}{\376\377\000C\000o\000n\000t\000r\000o\000l\000\040\000E\000q\000u\000a\000t\000i\000o\000n\000s\000\040\000a\000n\000d\000\040\000B\000o\000u\000n\000d\000a\000r\000y\000\040\000C\000o\000n\000d\000i\000t\000i\000o\000n\000s}{subsection.5.1}% 10
\BOOKMARK [3][-]{subsubsection.5.1.2}{\376\377\000D\000e\000f\000i\000n\000i\000t\000i\000o\000n\000\040\000o\000f\000\040\000t\000h\000e\000\040\000M\000e\000a\000n\000\040\000T\000e\000m\000p\000e\000r\000a\000t\000u\000r\000e}{subsection.5.1}% 11
\BOOKMARK [3][-]{subsubsection.5.1.3}{\376\377\000D\000e\000t\000e\000r\000m\000i\000n\000a\000t\000i\000o\000n\000\040\000o\000f\000\040\000H\000e\000a\000t\000\040\000T\000r\000a\000n\000s\000f\000e\000r\000\040\000C\000a\000p\000a\000c\000i\000t\000y}{subsection.5.1}% 12
\BOOKMARK [1][-]{section.6}{\376\377\000S\000u\000b\000-\000m\000o\000d\000e\000l\000\040\000I\000I\000:\000\040\000A\000d\000d\000i\000n\000g\000\040\000W\000a\000t\000e\000r\000\040\000D\000i\000s\000c\000o\000n\000t\000i\000n\000u\000o\000u\000s\000l\000y}{}% 13
\BOOKMARK [2][-]{subsection.6.1}{\376\377\000H\000e\000a\000t\000i\000n\000g\000\040\000M\000o\000d\000e\000l}{section.6}% 14
\BOOKMARK [3][-]{subsubsection.6.1.1}{\376\377\000C\000o\000n\000t\000r\000o\000l\000\040\000E\000q\000u\000a\000t\000i\000o\000n\000s\000\040\000a\000n\000d\000\040\000B\000o\000u\000n\000d\000a\000r\000y\000\040\000C\000o\000n\000d\000i\000t\000i\000o\000n\000s}{subsection.6.1}% 15
\BOOKMARK [3][-]{subsubsection.6.1.2}{\376\377\000D\000e\000t\000e\000r\000m\000i\000n\000a\000t\000i\000o\000n\000\040\000o\000f\000\040\000I\000n\000f\000l\000o\000w\000\040\000T\000i\000m\000e\000\040\000a\000n\000d\000\040\000A\000m\000o\000u\000n\000t}{subsection.6.1}% 16
\BOOKMARK [2][-]{subsection.6.2}{\376\377\000S\000t\000a\000n\000d\000b\000y\000\040\000M\000o\000d\000e\000l}{section.6}% 17
\BOOKMARK [2][-]{subsection.6.3}{\376\377\000R\000e\000s\000u\000l\000t\000s}{section.6}% 18
\BOOKMARK [3][-]{subsubsection.6.3.1}{\376\377\000D\000e\000t\000e\000r\000m\000i\000n\000a\000t\000i\000o\000n\000\040\000o\000f\000\040\000P\000a\000r\000a\000m\000e\000t\000e\000r\000s}{subsection.6.3}% 19
\BOOKMARK [3][-]{subsubsection.6.3.2}{\376\377\000C\000a\000l\000c\000u\000l\000a\000t\000i\000n\000g\000\040\000R\000e\000s\000u\000l\000t\000s}{subsection.6.3}% 20
\BOOKMARK [1][-]{section.7}{\376\377\000C\000o\000r\000r\000e\000c\000t\000i\000o\000n\000\040\000a\000n\000d\000\040\000C\000o\000n\000t\000r\000a\000s\000t\000\040\000o\000f\000\040\000S\000u\000b\000-\000M\000o\000d\000e\000l\000s}{}% 21
\BOOKMARK [2][-]{subsection.7.1}{\376\377\000C\000o\000r\000r\000e\000c\000t\000i\000o\000n\000\040\000w\000i\000t\000h\000\040\000E\000v\000a\000p\000o\000r\000a\000t\000i\000o\000n\000\040\000H\000e\000a\000t\000\040\000T\000r\000a\000n\000s\000f\000e\000r}{section.7}% 22
\BOOKMARK [2][-]{subsection.7.2}{\376\377\000C\000o\000n\000t\000r\000a\000s\000t\000\040\000o\000f\000\040\000T\000w\000o\000\040\000S\000u\000b\000-\000M\000o\000d\000e\000l\000s}{section.7}% 23
\BOOKMARK [1][-]{section.8}{\376\377\000M\000o\000d\000e\000l\000\040\000A\000n\000a\000l\000y\000s\000i\000s\000\040\000a\000n\000d\000\040\000S\000e\000n\000s\000i\000t\000i\000v\000i\000t\000y\000\040\000A\000n\000a\000l\000y\000s\000i\000s}{}% 24
\BOOKMARK [2][-]{subsection.8.1}{\376\377\000T\000h\000e\000\040\000I\000n\000f\000l\000u\000e\000n\000c\000e\000\040\000o\000f\000\040\000D\000i\000f\000f\000e\000r\000e\000n\000t\000\040\000B\000a\000t\000h\000t\000u\000b\000s}{section.8}% 25
\BOOKMARK [3][-]{subsubsection.8.1.1}{\376\377\000D\000i\000f\000f\000e\000r\000e\000n\000t\000\040\000V\000o\000l\000u\000m\000e\000s\000\040\000o\000f\000\040\000B\000a\000t\000h\000t\000u\000b\000s}{subsection.8.1}% 26
\BOOKMARK [1][-]{section.9}{\376\377\000S\000t\000r\000e\000n\000g\000t\000h\000\040\000a\000n\000d\000\040\000W\000e\000a\000k\000n\000e\000s\000s}{}% 27
\BOOKMARK [2][-]{subsection.9.1}{\376\377\000S\000t\000r\000e\000n\000g\000t\000h}{section.9}% 28
\BOOKMARK [2][-]{subsection.9.2}{\376\377\000W\000e\000a\000k\000n\000e\000s\000s}{section.9}% 29
\BOOKMARK [1][-]{section.10}{\376\377\000F\000u\000r\000t\000h\000e\000r\000\040\000D\000i\000s\000c\000u\000s\000s\000i\000o\000n}{}% 30
\BOOKMARK [1][-]{section*.1}{\376\377\000R\000e\000f\000e\000r\000e\000n\000c\000e}{}% 31
\BOOKMARK [1][-]{section*.2}{\376\377\000A\000p\000p\000e\000n\000d\000i\000c\000e\000s}{}% 32
\BOOKMARK [1][-]{appendix.a.A}{\376\377\000A\000p\000p\000e\000n\000d\000i\000x\000\040\000F\000i\000r\000s\000t\000\040\000a\000p\000p\000e\000n\000d\000i\000x}{}% 33
\BOOKMARK [1][-]{appendix.a.B}{\376\377\000A\000p\000p\000e\000n\000d\000i\000x\000\040\000S\000e\000c\000o\000n\000d\000\040\000a\000p\000p\000e\000n\000d\000i\000x}{}% 34
